<?xml version="1.0" encoding="UTF-8"?>
<robot generator="Robot 7.3.2 (Python 3.12.0 on linux)" generated="2025-11-13T16:11:19.983328" rpa="false" schemaversion="5">
<suite id="s1" name="Tests" source="/home/ogvirtan/ohjelmistotuotanto_25P2/webcounter_ohtu/src/tests">
<suite id="s1-s1" name="Increment" source="/home/ogvirtan/ohjelmistotuotanto_25P2/webcounter_ohtu/src/tests/increment.robot">
<kw name="Open And Configure Browser" owner="resource" type="SETUP">
<kw name="Set Selenium Speed" owner="SeleniumLibrary">
<arg>${DELAY}</arg>
<doc>Sets the delay that is waited after each Selenium command.</doc>
<status status="PASS" start="2025-11-13T16:11:20.320845" elapsed="0.000209"/>
</kw>
<kw name="Open Browser" owner="SeleniumLibrary">
<msg time="2025-11-13T16:11:20.321342" level="INFO">Opening browser 'chrome' to base url 'None'.</msg>
<arg>browser=${BROWSER}</arg>
<doc>Opens a new browser instance to the optional ``url``.</doc>
<status status="PASS" start="2025-11-13T16:11:20.321192" elapsed="9.007002"/>
</kw>
<status status="PASS" start="2025-11-13T16:11:20.320380" elapsed="9.008087"/>
</kw>
<test id="s1-s1-t1" name="At start the counter is zero" line="7">
<kw name="Go To" owner="SeleniumLibrary">
<msg time="2025-11-13T16:11:29.329588" level="INFO">Opening url 'http://localhost:5001'</msg>
<arg>${HOME_URL}</arg>
<doc>Navigates the current browser window to the provided ``url``.</doc>
<status status="PASS" start="2025-11-13T16:11:29.329390" elapsed="0.552443"/>
</kw>
<kw name="Title Should Be" owner="SeleniumLibrary">
<msg time="2025-11-13T16:11:30.390528" level="INFO">Page title is 'Laskuri'.</msg>
<arg>Laskuri</arg>
<doc>Verifies that the current page title equals ``title``.</doc>
<status status="PASS" start="2025-11-13T16:11:29.882363" elapsed="0.508455"/>
</kw>
<kw name="Page Should Contain" owner="SeleniumLibrary">
<msg time="2025-11-13T16:11:31.409373" level="INFO">Current page contains text 'nappia painettu 0 kertaa'.</msg>
<arg>nappia painettu 0 kertaa</arg>
<doc>Verifies that current page contains ``text``.</doc>
<status status="PASS" start="2025-11-13T16:11:30.391249" elapsed="1.018222"/>
</kw>
<status status="PASS" start="2025-11-13T16:11:29.328676" elapsed="2.080977"/>
</test>
<test id="s1-s1-t2" name="When button pressed twice the counter is two" line="12">
<kw name="Go To" owner="SeleniumLibrary">
<msg time="2025-11-13T16:11:31.410254" level="INFO">Opening url 'http://localhost:5001'</msg>
<arg>${HOME_URL}</arg>
<doc>Navigates the current browser window to the provided ``url``.</doc>
<status status="PASS" start="2025-11-13T16:11:31.410138" elapsed="0.524980"/>
</kw>
<kw name="Click Button" owner="SeleniumLibrary">
<msg time="2025-11-13T16:11:31.936309" level="INFO">Clicking button 'Paina'.</msg>
<arg>Paina</arg>
<doc>Clicks the button identified by ``locator``.</doc>
<status status="PASS" start="2025-11-13T16:11:31.935593" elapsed="2.089127"/>
</kw>
<kw name="Click Button" owner="SeleniumLibrary">
<msg time="2025-11-13T16:11:34.025292" level="INFO">Clicking button 'Paina'.</msg>
<arg>Paina</arg>
<doc>Clicks the button identified by ``locator``.</doc>
<status status="PASS" start="2025-11-13T16:11:34.025054" elapsed="2.078877"/>
</kw>
<kw name="Page Should Contain" owner="SeleniumLibrary">
<msg time="2025-11-13T16:11:37.121087" level="INFO">Current page contains text 'nappia painettu 2 kertaa'.</msg>
<arg>nappia painettu 2 kertaa</arg>
<doc>Verifies that current page contains ``text``.</doc>
<status status="PASS" start="2025-11-13T16:11:36.104319" elapsed="1.016909"/>
</kw>
<status status="PASS" start="2025-11-13T16:11:31.409894" elapsed="5.711668"/>
</test>
<kw name="Close Browser" owner="SeleniumLibrary" type="TEARDOWN">
<doc>Closes the current browser.</doc>
<status status="PASS" start="2025-11-13T16:11:37.122537" elapsed="0.558712"/>
</kw>
<status status="PASS" start="2025-11-13T16:11:20.013606" elapsed="17.667770"/>
</suite>
<status status="PASS" start="2025-11-13T16:11:19.983828" elapsed="17.698777"/>
</suite>
<statistics>
<total>
<stat pass="2" fail="0" skip="0">All Tests</stat>
</total>
<tag>
</tag>
<suite>
<stat name="Tests" id="s1" pass="2" fail="0" skip="0">Tests</stat>
<stat name="Increment" id="s1-s1" pass="2" fail="0" skip="0">Tests.Increment</stat>
</suite>
</statistics>
<errors>
</errors>
</robot>
